\BOOKMARK [1][-]{section.1}{Introduction}{}% 1
\BOOKMARK [1][-]{section.2}{Dataset}{}% 2
\BOOKMARK [1][-]{section.3}{Data structure}{}% 3
\BOOKMARK [1][-]{section.4}{Preprocessing}{}% 4
\BOOKMARK [1][-]{section.5}{Algorithms applied}{}% 5
\BOOKMARK [2][-]{subsection.5.1}{A-priori}{section.5}% 6
\BOOKMARK [2][-]{subsection.5.2}{PCY \(single hash\)}{section.5}% 7
\BOOKMARK [2][-]{subsection.5.3}{SON}{section.5}% 8
\BOOKMARK [2][-]{subsection.5.4}{Toivonen}{section.5}% 9
\BOOKMARK [1][-]{section.6}{Implementation}{}% 10
\BOOKMARK [2][-]{subsection.6.1}{Preprocessing}{section.6}% 11
\BOOKMARK [2][-]{subsection.6.2}{A-priori}{section.6}% 12
\BOOKMARK [2][-]{subsection.6.3}{PCY}{section.6}% 13
\BOOKMARK [2][-]{subsection.6.4}{SON}{section.6}% 14
\BOOKMARK [1][-]{section.7}{Scaling of proposed solutions}{}% 15
\BOOKMARK [1][-]{section.8}{Experiments}{}% 16
\BOOKMARK [2][-]{subsection.8.1}{Size of candidates and timing with different algorithms}{section.8}% 17
\BOOKMARK [2][-]{subsection.8.2}{Size of candidates and times with different hash size \(PCY\)}{section.8}% 18
\BOOKMARK [2][-]{subsection.8.3}{Time at change of threshold}{section.8}% 19
\BOOKMARK [2][-]{subsection.8.4}{Size of negative border}{section.8}% 20
\BOOKMARK [1][-]{section.9}{Results}{}% 21
